Time resolution is 1 ps
SUCCESS: byte_trans_tx = 210, byte_recv_rx = 210 

SUCCESS: byte_trans_tx = 108, byte_recv_rx = 108 

SUCCESS: byte_trans_tx =  37, byte_recv_rx =  37 

SUCCESS: byte_trans_tx =  38, byte_recv_rx =  38 

SUCCESS: byte_trans_tx =  27, byte_recv_rx =  27 

SUCCESS: byte_trans_tx = 249, byte_recv_rx = 249 

SUCCESS: byte_trans_tx = 250, byte_recv_rx = 250 

SUCCESS: byte_trans_tx = 237, byte_recv_rx = 237 

SUCCESS: byte_trans_tx = 102, byte_recv_rx = 102 

SUCCESS: byte_trans_tx =  31, byte_recv_rx =  31 

SUCCESS: byte_trans_tx =  20, byte_recv_rx =  20 

SUCCESS: byte_trans_tx = 129, byte_recv_rx = 129 

SUCCESS: byte_trans_tx =  24, byte_recv_rx =  24 

SUCCESS: byte_trans_tx =  14, byte_recv_rx =  14 

SUCCESS: byte_trans_tx = 110, byte_recv_rx = 110 

SUCCESS: byte_trans_tx = 126, byte_recv_rx = 126 

SUCCESS: byte_trans_tx =  45, byte_recv_rx =  45 

SUCCESS: byte_trans_tx = 130, byte_recv_rx = 130 

SUCCESS: byte_trans_tx = 255, byte_recv_rx = 255 

SUCCESS: byte_trans_tx =  69, byte_recv_rx =  69 

SUCCESS: byte_trans_tx = 144, byte_recv_rx = 144 

SUCCESS: byte_trans_tx = 110, byte_recv_rx = 110 

SUCCESS: byte_trans_tx = 196, byte_recv_rx = 196 

SUCCESS: byte_trans_tx = 189, byte_recv_rx = 189 

SUCCESS: byte_trans_tx = 240, byte_recv_rx = 240 

SUCCESS: byte_trans_tx = 195, byte_recv_rx = 195 

SUCCESS: byte_trans_tx =   3, byte_recv_rx =   3 

SUCCESS: byte_trans_tx = 129, byte_recv_rx = 129 

SUCCESS: byte_trans_tx =  49, byte_recv_rx =  49 

SUCCESS: byte_trans_tx = 199, byte_recv_rx = 199 

SUCCESS: byte_trans_tx =  62, byte_recv_rx =  62 

SUCCESS: byte_trans_tx =  34, byte_recv_rx =  34 

SUCCESS: byte_trans_tx = 138, byte_recv_rx = 138 

SUCCESS: byte_trans_tx =  65, byte_recv_rx =  65 

SUCCESS: byte_trans_tx = 163, byte_recv_rx = 163 

SUCCESS: byte_trans_tx = 188, byte_recv_rx = 188 

SUCCESS: byte_trans_tx =   8, byte_recv_rx =   8 

SUCCESS: byte_trans_tx = 225, byte_recv_rx = 225 

SUCCESS: byte_trans_tx = 222, byte_recv_rx = 222 

SUCCESS: byte_trans_tx = 147, byte_recv_rx = 147 

SUCCESS: byte_trans_tx =  35, byte_recv_rx =  35 

SUCCESS: byte_trans_tx = 129, byte_recv_rx = 129 

SUCCESS: byte_trans_tx =  79, byte_recv_rx =  79 

SUCCESS: byte_trans_tx =  43, byte_recv_rx =  43 

SUCCESS: byte_trans_tx =  98, byte_recv_rx =  98 

SUCCESS: byte_trans_tx =  45, byte_recv_rx =  45 

SUCCESS: byte_trans_tx = 190, byte_recv_rx = 190 

SUCCESS: byte_trans_tx = 133, byte_recv_rx = 133 

SUCCESS: byte_trans_tx = 174, byte_recv_rx = 174 

SUCCESS: byte_trans_tx =  13, byte_recv_rx =  13 

SUCCESS: byte_trans_tx = 177, byte_recv_rx = 177 

SUCCESS: byte_trans_tx =  16, byte_recv_rx =  16 

SUCCESS: byte_trans_tx =  58, byte_recv_rx =  58 

SUCCESS: byte_trans_tx = 111, byte_recv_rx = 111 

SUCCESS: byte_trans_tx = 150, byte_recv_rx = 150 

SUCCESS: byte_trans_tx = 232, byte_recv_rx = 232 

SUCCESS: byte_trans_tx = 125, byte_recv_rx = 125 

SUCCESS: byte_trans_tx =  71, byte_recv_rx =  71 

SUCCESS: byte_trans_tx = 249, byte_recv_rx = 249 

SUCCESS: byte_trans_tx = 183, byte_recv_rx = 183 

SUCCESS: byte_trans_tx = 182, byte_recv_rx = 182 

SUCCESS: byte_trans_tx = 143, byte_recv_rx = 143 

SUCCESS: byte_trans_tx = 160, byte_recv_rx = 160 

SUCCESS: byte_trans_tx =  51, byte_recv_rx =  51 

SUCCESS: byte_trans_tx = 214, byte_recv_rx = 214 

SUCCESS: byte_trans_tx = 153, byte_recv_rx = 153 

SUCCESS: byte_trans_tx = 235, byte_recv_rx = 235 

SUCCESS: byte_trans_tx = 140, byte_recv_rx = 140 

SUCCESS: byte_trans_tx =  40, byte_recv_rx =  40 

SUCCESS: byte_trans_tx = 139, byte_recv_rx = 139 

SUCCESS: byte_trans_tx = 192, byte_recv_rx = 192 

SUCCESS: byte_trans_tx = 254, byte_recv_rx = 254 

SUCCESS: byte_trans_tx =  36, byte_recv_rx =  36 

SUCCESS: byte_trans_tx = 171, byte_recv_rx = 171 

SUCCESS: byte_trans_tx = 138, byte_recv_rx = 138 

SUCCESS: byte_trans_tx =  76, byte_recv_rx =  76 

SUCCESS: byte_trans_tx =  54, byte_recv_rx =  54 

SUCCESS: byte_trans_tx =  74, byte_recv_rx =  74 

SUCCESS: byte_trans_tx =  74, byte_recv_rx =  74 

SUCCESS: byte_trans_tx =  90, byte_recv_rx 